#
# A fatal error has been detected by the Java Runtime Environment:
#
#  SIGSEGV (0xb) at pc=0x00007f154505a93a, pid=1832, tid=139728553191168
#
# JRE version: 7.0_02-b13
# Java VM: Java HotSpot(TM) 64-Bit Server VM (22.0-b10 mixed mode linux-amd64 compressed oops)
# Problematic frame:
# v  ~BufferBlob::jni_fast_GetLongField
#
# Failed to write core dump. Core dumps have been disabled. To enable core dumping, try "ulimit -c unlimited" before starting Java again
#
# If you would like to submit a bug report, please visit:
#   http://bugreport.sun.com/bugreport/crash.jsp
# The crash happened outside the Java Virtual Machine in native code.
# See problematic frame for where to report the bug.
#

---------------  T H R E A D  ---------------

Current thread (0x00007f15482cf800):  JavaThread "AWT-XAWT" daemon [_thread_in_native, id=2093, stack(0x00007f1516b72000,0x00007f1516c73000)]

siginfo:si_signo=SIGSEGV: si_errno=0, si_code=1 (SEGV_MAPERR), si_addr=0x0000000000000000

Registers:
RAX=0x00007f1550038a00, RBX=0x000000008f5ba7b0, RCX=0x00007f1550aa5300, RDX=0x0000000000000042
RSP=0x00007f1516c71668, RBP=0x00007f1516c71690, RSI=0x0000000000000000, RDI=0x00007f15482cf9d0
R8 =0x0000000094443530, R9 =0x0000000000000000, R10=0x0000000000003c40, R11=0x00007f154fb5a1c0
R12=0x00007f15482cf9d0, R13=0x0000000000000000, R14=0x00007f154481e5e0, R15=0x00007f15482cf800
RIP=0x00007f154505a93a, EFLAGS=0x0000000000010246, CSGSFS=0x002b000000000033, ERR=0x0000000000000004
  TRAPNO=0x000000000000000e

Top of Stack: (sp=0x00007f1516c71668)
0x00007f1516c71668:   00007f15445e9451 000000008f5ba7b0
0x00007f1516c71678:   00007f14ec010660 000000008f5ba7b0
0x00007f1516c71688:   00007f1516c71780 0000000000000000
0x00007f1516c71698:   00007f15440d7300 000000008f5ba7b0
0x00007f1516c716a8:   00007f1516c716d0 0000000000000000
0x00007f1516c716b8:   00007f15440cee23 000000008f5ba7b0
0x00007f1516c716c8:   00007f15445df40f 00007f1516c71748
0x00007f1516c716d8:   00007f1545011bb1 0000000000000000
0x00007f1516c716e8:   0000000094442ed0 0000000094400760
0x00007f1516c716f8:   00007f1516c716f8 000000008fb6aabe
0x00007f1516c71708:   00007f1516c71708 0000000000000000
0x00007f1516c71718:   00007f1516c71780 000000008f5c0f68
0x00007f1516c71728:   0000000000000000 000000008f5ba7b0
0x00007f1516c71738:   0000000000000000 00007f1516c71790
0x00007f1516c71748:   0000000000000000 00007f154513dc90
0x00007f1516c71758:   000000009444f598 00007f154500ec00
0x00007f1516c71768:   0000000000000000 00007f154513dc74
0x00007f1516c71778:   00007f1504004720 00000000942af1e0
0x00007f1516c71788:   00007f154513dc90 0000000094273f00
0x00007f1516c71798:   0000000100000000 00007f1504004720
0x00007f1516c717a8:   00000000942c5460 0000000000000000
0x00007f1516c717b8:   000000009444ad60 0000000000000000
0x00007f1516c717c8:   0000000094442ed0 0000000000000031
0x00007f1516c717d8:   0000000000000000 00007f1516c71840
0x00007f1516c717e8:   00007f1545005f98 deaddeaf00000000
0x00007f1516c717f8:   00000000942c5460 00007f1516c71800
0x00007f1516c71808:   000000008f4b44d5 00007f1516c71850
0x00007f1516c71818:   000000008f4d2b78 0000000000000000
0x00007f1516c71828:   000000008f4b44e0 00007f1516c717f0
0x00007f1516c71838:   00007f1516c71850 00007f1516c71898
0x00007f1516c71848:   00007f1545006646 00000000942c5460
0x00007f1516c71858:   00007f1516c71858 000000008f033c33 

Instructions: (pc=0x00007f154505a93a)
0x00007f154505a91a:   00 00 00 00 00 00 44 8b 15 21 4e 00 0b 4c 8b ce
0x00007f154505a92a:   41 f6 c2 01 0f 85 2e 00 00 00 4d 33 ca 4d 33 ca
0x00007f154505a93a:   4d 8b 09 4c 8b da 49 c1 eb 02 4b 8b 04 19 49 bb
0x00007f154505a94a:   48 f7 05 50 15 7f 00 00 4c 33 d8 4c 33 d8 45 3b 

Register to memory mapping:

RAX=0x00007f1550038a00: <offset 0xc65a00> in /opt/xdman/jre/lib/amd64/server/libjvm.so at 0x00007f154f3d3000
RBX=0x000000008f5ba7b0 is an oop
{method} 
 - klass: {other class}
RCX=0x00007f1550aa5300: <offset 0x21a300> in /lib/x86_64-linux-gnu/libpthread.so.0 at 0x00007f155088b000
RDX=0x0000000000000042 is an unknown value
RSP=0x00007f1516c71668 is pointing into the stack for thread: 0x00007f15482cf800
RBP=0x00007f1516c71690 is pointing into the stack for thread: 0x00007f15482cf800
RSI=0x0000000000000000 is an unknown value
RDI=0x00007f15482cf9d0 is an unknown value
R8 =0x0000000094443530 is an oop
java.util.TreeMap 
 - klass: 'java/util/TreeMap'
R9 =0x0000000000000000 is an unknown value
R10=0x0000000000003c40 is an unknown value
R11=0x00007f154fb5a1c0: <offset 0x7871c0> in /opt/xdman/jre/lib/amd64/server/libjvm.so at 0x00007f154f3d3000
R12=0x00007f15482cf9d0 is an unknown value
R13=0x0000000000000000 is an unknown value
R14=0x00007f154481e5e0: <offset 0x2535e0> in /opt/xdman/jre/lib/amd64/xawt/libmawt.so at 0x00007f15445cb000
R15=0x00007f15482cf800 is a thread


Stack: [0x00007f1516b72000,0x00007f1516c73000],  sp=0x00007f1516c71668,  free space=1021k
Native frames: (J=compiled Java code, j=interpreted, Vv=VM code, C=native code)
v  ~BufferBlob::jni_fast_GetLongField

Java frames: (J=compiled Java code, j=interpreted, Vv=VM code)
j  sun.awt.X11.XlibWrapper.XFilterEvent(JJ)Z+0
J  sun.awt.X11.XToolkit.run(Z)V
j  sun.awt.X11.XToolkit.run()V+5
j  java.lang.Thread.run()V+11
v  ~StubRoutines::call_stub

---------------  P R O C E S S  ---------------

Java Threads: ( => current thread )
  0x00007f14ec055000 JavaThread "TimerQueue" daemon [_thread_blocked, id=26212, stack(0x00007f1515745000,0x00007f1515846000)]
  0x00007f1548007800 JavaThread "DestroyJavaVM" [_thread_blocked, id=1908, stack(0x00007f1550bce000,0x00007f1550ccf000)]
  0x00007f15483af800 JavaThread "Thread-0" [_thread_in_native, id=2368, stack(0x00007f1515a48000,0x00007f1515b49000)]
  0x00007f1548200000 JavaThread "AWT-EventQueue-0" [_thread_blocked, id=2199, stack(0x00007f1515b49000,0x00007f1515c4a000)]
  0x00007f15481fe800 JavaThread "AWT-Shutdown" [_thread_blocked, id=2198, stack(0x00007f1515c4a000,0x00007f1515d4b000)]
=>0x00007f15482cf800 JavaThread "AWT-XAWT" daemon [_thread_in_native, id=2093, stack(0x00007f1516b72000,0x00007f1516c73000)]
  0x00007f154829e800 JavaThread "Java2D Disposer" daemon [_thread_blocked, id=2092, stack(0x00007f151708a000,0x00007f151718b000)]
  0x00007f154810b000 JavaThread "Service Thread" daemon [_thread_blocked, id=2038, stack(0x00007f1544bfc000,0x00007f1544cfd000)]
  0x00007f1548109000 JavaThread "C2 CompilerThread1" daemon [_thread_blocked, id=2037, stack(0x00007f1544cfd000,0x00007f1544dfe000)]
  0x00007f1548106000 JavaThread "C2 CompilerThread0" daemon [_thread_blocked, id=2036, stack(0x00007f1544dfe000,0x00007f1544eff000)]
  0x00007f1548104000 JavaThread "Signal Dispatcher" daemon [_thread_in_native, id=2035, stack(0x00007f1544eff000,0x00007f1545000000)]
  0x00007f15480bb800 JavaThread "Finalizer" daemon [_thread_blocked, id=2005, stack(0x00007f154cbb4000,0x00007f154ccb5000)]
  0x00007f15480b9800 JavaThread "Reference Handler" daemon [_thread_blocked, id=2004, stack(0x00007f154ccb5000,0x00007f154cdb6000)]

Other Threads:
  0x00007f15480b2000 VMThread [stack: 0x00007f154cdb6000,0x00007f154ceb7000] [id=1989]
  0x00007f154810e000 WatcherThread [stack: 0x00007f1544afb000,0x00007f1544bfc000] [id=2039]

VM state:not at safepoint (normal execution)

VM Mutex/Monitor currently owned by a thread: None

Heap
 PSYoungGen      total 6784K, used 5040K [0x00000000dc0b0000, 0x00000000dc790000, 0x0000000100000000)
  eden space 6528K, 76% used [0x00000000dc0b0000,0x00000000dc58c230,0x00000000dc710000)
  from space 256K, 25% used [0x00000000dc710000,0x00000000dc720000,0x00000000dc750000)
  to   space 256K, 0% used [0x00000000dc750000,0x00000000dc750000,0x00000000dc790000)
 PSOldGen        total 73664K, used 7948K [0x0000000094200000, 0x00000000989f0000, 0x00000000dc0b0000)
  object space 73664K, 10% used [0x0000000094200000,0x00000000949c3168,0x00000000989f0000)
 PSPermGen       total 21248K, used 15041K [0x000000008f000000, 0x00000000904c0000, 0x0000000094200000)
  object space 21248K, 70% used [0x000000008f000000,0x000000008feb04d0,0x00000000904c0000)

Code Cache  [0x00007f1545000000, 0x00007f1545270000, 0x00007f1548000000)
 total_blobs=787 nmethods=274 adapters=466 free_code_cache=47874Kb largest_free_block=48973504

Dynamic libraries:
00400000-00401000 r-xp 00000000 08:06 2364849                            /opt/xdman/jre/bin/java
00600000-00601000 rw-p 00000000 08:06 2364849                            /opt/xdman/jre/bin/java
020a4000-020c5000 rw-p 00000000 00:00 0                                  [heap]
8f000000-904c0000 rw-p 00000000 00:00 0 
904c0000-94200000 rw-p 00000000 00:00 0 
94200000-989f0000 rw-p 00000000 00:00 0 
989f0000-dc0b0000 rw-p 00000000 00:00 0 
dc0b0000-dc790000 rw-p 00000000 00:00 0 
dc790000-de4a0000 ---p 00000000 00:00 0 
de4a0000-100000000 rw-p 00000000 00:00 0 
7f14c4000000-7f14c4021000 rw-p 00000000 00:00 0 
7f14c4021000-7f14c8000000 ---p 00000000 00:00 0 
7f14c8000000-7f14c8021000 rw-p 00000000 00:00 0 
7f14c8021000-7f14cc000000 ---p 00000000 00:00 0 
7f14cc000000-7f14cc021000 rw-p 00000000 00:00 0 
7f14cc021000-7f14d0000000 ---p 00000000 00:00 0 
7f14d0000000-7f14d0021000 rw-p 00000000 00:00 0 
7f14d0021000-7f14d4000000 ---p 00000000 00:00 0 
7f14d4000000-7f14d4021000 rw-p 00000000 00:00 0 
7f14d4021000-7f14d8000000 ---p 00000000 00:00 0 
7f14d8000000-7f14d8041000 rw-p 00000000 00:00 0 
7f14d8041000-7f14dc000000 ---p 00000000 00:00 0 
7f14dc000000-7f14dc021000 rw-p 00000000 00:00 0 
7f14dc021000-7f14e0000000 ---p 00000000 00:00 0 
7f14e0000000-7f14e0021000 rw-p 00000000 00:00 0 
7f14e0021000-7f14e4000000 ---p 00000000 00:00 0 
7f14e4000000-7f14e4021000 rw-p 00000000 00:00 0 
7f14e4021000-7f14e8000000 ---p 00000000 00:00 0 
7f14e8000000-7f14e8021000 rw-p 00000000 00:00 0 
7f14e8021000-7f14ec000000 ---p 00000000 00:00 0 
7f14ec000000-7f14ec09c000 rw-p 00000000 00:00 0 
7f14ec09c000-7f14f0000000 ---p 00000000 00:00 0 
7f14f0000000-7f14f0032000 rw-p 00000000 00:00 0 
7f14f0032000-7f14f4000000 ---p 00000000 00:00 0 
7f14f4000000-7f14f4021000 rw-p 00000000 00:00 0 
7f14f4021000-7f14f8000000 ---p 00000000 00:00 0 
7f14f8fff000-7f14fc000000 rw-p 00000000 00:00 0 
7f14fc000000-7f14fc063000 rw-p 00000000 00:00 0 
7f14fc063000-7f1500000000 ---p 00000000 00:00 0 
7f1500000000-7f1500045000 rw-p 00000000 00:00 0 
7f1500045000-7f1504000000 ---p 00000000 00:00 0 
7f1504000000-7f1504021000 rw-p 00000000 00:00 0 
7f1504021000-7f1508000000 ---p 00000000 00:00 0 
7f1508000000-7f15080aa000 rw-p 00000000 00:00 0 
7f15080aa000-7f150c000000 ---p 00000000 00:00 0 
7f150c000000-7f150c021000 rw-p 00000000 00:00 0 
7f150c021000-7f1510000000 ---p 00000000 00:00 0 
7f1510000000-7f1510021000 rw-p 00000000 00:00 0 
7f1510021000-7f1514000000 ---p 00000000 00:00 0 
7f15146dc000-7f15146df000 ---p 00000000 00:00 0 
7f15146df000-7f15147dd000 rw-p 00000000 00:00 0 
7f15147dd000-7f15147e0000 ---p 00000000 00:00 0 
7f15147e0000-7f15148de000 rw-p 00000000 00:00 0 
7f15148de000-7f15148e1000 ---p 00000000 00:00 0 
7f15148e1000-7f15149df000 rw-p 00000000 00:00 0 
7f15149df000-7f15149e2000 ---p 00000000 00:00 0 
7f15149e2000-7f1514ae0000 rw-p 00000000 00:00 0 
7f1514ae0000-7f1514ae3000 ---p 00000000 00:00 0 
7f1514ae3000-7f1514be1000 rw-p 00000000 00:00 0 
7f1514be1000-7f1514be4000 ---p 00000000 00:00 0 
7f1514be4000-7f1514ce2000 rw-p 00000000 00:00 0 
7f1514ce2000-7f1514ce5000 ---p 00000000 00:00 0 
7f1514ce5000-7f1514de3000 rw-p 00000000 00:00 0 
7f1514de3000-7f1514e0d000 r-xp 00000000 08:06 2242981                    /opt/xdman/jre/lib/amd64/libdcpr.so
7f1514e0d000-7f151500d000 ---p 0002a000 08:06 2242981                    /opt/xdman/jre/lib/amd64/libdcpr.so
7f151500d000-7f1515010000 rw-p 0002a000 08:06 2242981                    /opt/xdman/jre/lib/amd64/libdcpr.so
7f1515013000-7f1515029000 r-xp 00000000 08:06 4985469                    /lib/x86_64-linux-gnu/libresolv-2.26.so
7f1515029000-7f1515229000 ---p 00016000 08:06 4985469                    /lib/x86_64-linux-gnu/libresolv-2.26.so
7f1515229000-7f151522a000 r--p 00016000 08:06 4985469                    /lib/x86_64-linux-gnu/libresolv-2.26.so
7f151522a000-7f151522b000 rw-p 00017000 08:06 4985469                    /lib/x86_64-linux-gnu/libresolv-2.26.so
7f151522b000-7f151522d000 rw-p 00000000 00:00 0 
7f1515233000-7f1515238000 r-xp 00000000 08:06 4985415                    /lib/x86_64-linux-gnu/libnss_dns-2.26.so
7f1515238000-7f1515438000 ---p 00005000 08:06 4985415                    /lib/x86_64-linux-gnu/libnss_dns-2.26.so
7f1515438000-7f1515439000 r--p 00005000 08:06 4985415                    /lib/x86_64-linux-gnu/libnss_dns-2.26.so
7f1515439000-7f151543a000 rw-p 00006000 08:06 4985415                    /lib/x86_64-linux-gnu/libnss_dns-2.26.so
7f151543b000-7f151543d000 r-xp 00000000 08:06 4985423                    /lib/x86_64-linux-gnu/libnss_mdns4_minimal.so.2
7f151543d000-7f151563c000 ---p 00002000 08:06 4985423                    /lib/x86_64-linux-gnu/libnss_mdns4_minimal.so.2
7f151563c000-7f151563d000 r--p 00001000 08:06 4985423                    /lib/x86_64-linux-gnu/libnss_mdns4_minimal.so.2
7f151563d000-7f151563e000 rw-p 00002000 08:06 4985423                    /lib/x86_64-linux-gnu/libnss_mdns4_minimal.so.2
7f1515644000-7f1515647000 ---p 00000000 00:00 0 
7f1515647000-7f1515745000 rw-p 00000000 00:00 0 
7f1515745000-7f1515748000 ---p 00000000 00:00 0 
7f1515748000-7f1515846000 rw-p 00000000 00:00 0 
7f1515846000-7f1515849000 ---p 00000000 00:00 0 
7f1515849000-7f1515947000 rw-p 00000000 00:00 0 
7f1515947000-7f151594a000 ---p 00000000 00:00 0 
7f151594a000-7f1515a48000 rw-p 00000000 00:00 0 
7f1515a48000-7f1515a4b000 ---p 00000000 00:00 0 
7f1515a4b000-7f1515b49000 rw-p 00000000 00:00 0 
7f1515b49000-7f1515b4c000 ---p 00000000 00:00 0 
7f1515b4c000-7f1515c4a000 rw-p 00000000 00:00 0 
7f1515c4a000-7f1515c4d000 ---p 00000000 00:00 0 
7f1515c4d000-7f1515d4b000 rw-p 00000000 00:00 0 
7f1515d4b000-7f1515db2000 r-xp 00000000 08:06 2243094                    /opt/xdman/jre/lib/amd64/libt2k.so
7f1515db2000-7f1515fb2000 ---p 00067000 08:06 2243094                    /opt/xdman/jre/lib/amd64/libt2k.so
7f1515fb2000-7f1515fb8000 rw-p 00067000 08:06 2243094                    /opt/xdman/jre/lib/amd64/libt2k.so
7f1515fb8000-7f1515fc9000 rw-p 00000000 00:00 0 
7f1515fcb000-7f1515fdb000 r-xp 00000000 08:06 2243035                    /opt/xdman/jre/lib/amd64/libnio.so
7f1515fdb000-7f15161db000 ---p 00010000 08:06 2243035                    /opt/xdman/jre/lib/amd64/libnio.so
7f15161db000-7f15161dc000 rw-p 00010000 08:06 2243035                    /opt/xdman/jre/lib/amd64/libnio.so
7f15161e3000-7f15161f8000 r-xp 00000000 08:06 2243087                    /opt/xdman/jre/lib/amd64/libnet.so
7f15161f8000-7f15163f8000 ---p 00015000 08:06 2243087                    /opt/xdman/jre/lib/amd64/libnet.so
7f15163f8000-7f15163f9000 rw-p 00015000 08:06 2243087                    /opt/xdman/jre/lib/amd64/libnet.so
7f15163fb000-7f1516411000 r-xp 00000000 08:06 4985362                    /lib/x86_64-linux-gnu/libgcc_s.so.1
7f1516411000-7f1516610000 ---p 00016000 08:06 4985362                    /lib/x86_64-linux-gnu/libgcc_s.so.1
7f1516610000-7f1516611000 r--p 00015000 08:06 4985362                    /lib/x86_64-linux-gnu/libgcc_s.so.1
7f1516611000-7f1516612000 rw-p 00016000 08:06 4985362                    /lib/x86_64-linux-gnu/libgcc_s.so.1
7f1516613000-7f1516657000 r-xp 00000000 08:06 2243242                    /opt/xdman/jre/lib/amd64/libfontmanager.so
7f1516657000-7f1516857000 ---p 00044000 08:06 2243242                    /opt/xdman/jre/lib/amd64/libfontmanager.so
7f1516857000-7f151685b000 rw-p 00044000 08:06 2243242                    /opt/xdman/jre/lib/amd64/libfontmanager.so
7f151685b000-7f151686b000 rw-p 00000000 00:00 0 
7f151686f000-7f1516872000 ---p 00000000 00:00 0 
7f1516872000-7f1516970000 rw-p 00000000 00:00 0 
7f1516970000-7f1516973000 ---p 00000000 00:00 0 
7f1516973000-7f1516a71000 rw-p 00000000 00:00 0 
7f1516a71000-7f1516a74000 ---p 00000000 00:00 0 
7f1516a74000-7f1516b72000 rw-p 00000000 00:00 0 
7f1516b72000-7f1516b75000 ---p 00000000 00:00 0 
7f1516b75000-7f1516c73000 rw-p 00000000 00:00 0 
7f1516c73000-7f1516c78000 r-xp 00000000 08:06 4596796                    /usr/lib/x86_64-linux-gnu/libXfixes.so.3.1.0
7f1516c78000-7f1516e77000 ---p 00005000 08:06 4596796                    /usr/lib/x86_64-linux-gnu/libXfixes.so.3.1.0
7f1516e77000-7f1516e78000 r--p 00004000 08:06 4596796                    /usr/lib/x86_64-linux-gnu/libXfixes.so.3.1.0
7f1516e78000-7f1516e79000 rw-p 00005000 08:06 4596796                    /usr/lib/x86_64-linux-gnu/libXfixes.so.3.1.0
7f1516e7b000-7f1516e84000 r-xp 00000000 08:06 4596788                    /usr/lib/x86_64-linux-gnu/libXcursor.so.1.0.2
7f1516e84000-7f1517083000 ---p 00009000 08:06 4596788                    /usr/lib/x86_64-linux-gnu/libXcursor.so.1.0.2
7f1517083000-7f1517084000 r--p 00008000 08:06 4596788                    /usr/lib/x86_64-linux-gnu/libXcursor.so.1.0.2
7f1517084000-7f1517085000 rw-p 00009000 08:06 4596788                    /usr/lib/x86_64-linux-gnu/libXcursor.so.1.0.2
7f151708a000-7f151708d000 ---p 00000000 00:00 0 
7f151708d000-7f151718b000 rw-p 00000000 00:00 0 
7f151718b000-7f151719e000 r-xp 00000000 08:06 4985320                    /lib/x86_64-linux-gnu/libbsd.so.0.8.6
7f151719e000-7f151739d000 ---p 00013000 08:06 4985320                    /lib/x86_64-linux-gnu/libbsd.so.0.8.6
7f151739d000-7f151739e000 r--p 00012000 08:06 4985320                    /lib/x86_64-linux-gnu/libbsd.so.0.8.6
7f151739e000-7f151739f000 rw-p 00013000 08:06 4985320                    /lib/x86_64-linux-gnu/libbsd.so.0.8.6
7f151739f000-7f15173a0000 rw-p 00000000 00:00 0 
7f15173a3000-7f15173a8000 r-xp 00000000 08:06 4596792                    /usr/lib/x86_64-linux-gnu/libXdmcp.so.6.0.0
7f15173a8000-7f15175a7000 ---p 00005000 08:06 4596792                    /usr/lib/x86_64-linux-gnu/libXdmcp.so.6.0.0
7f15175a7000-7f15175a8000 r--p 00004000 08:06 4596792                    /usr/lib/x86_64-linux-gnu/libXdmcp.so.6.0.0
7f15175a8000-7f15175a9000 rw-p 00005000 08:06 4596792                    /usr/lib/x86_64-linux-gnu/libXdmcp.so.6.0.0
7f15175ab000-7f15175ad000 r-xp 00000000 08:06 4596781                    /usr/lib/x86_64-linux-gnu/libXau.so.6.0.0
7f15175ad000-7f15177ad000 ---p 00002000 08:06 4596781                    /usr/lib/x86_64-linux-gnu/libXau.so.6.0.0
7f15177ad000-7f15177ae000 r--p 00002000 08:06 4596781                    /usr/lib/x86_64-linux-gnu/libXau.so.6.0.0
7f15177ae000-7f15177af000 rw-p 00003000 08:06 4596781                    /usr/lib/x86_64-linux-gnu/libXau.so.6.0.0
7f15177b3000-7f15177d9000 r-xp 00000000 08:06 4598051                    /usr/lib/x86_64-linux-gnu/libxcb.so.1.1.0
7f15177d9000-7f15179d8000 ---p 00026000 08:06 4598051                    /usr/lib/x86_64-linux-gnu/libxcb.so.1.1.0
7f15179d8000-7f15179d9000 r--p 00025000 08:06 4598051                    /usr/lib/x86_64-linux-gnu/libxcb.so.1.1.0
7f15179d9000-7f15179da000 rw-p 00026000 08:06 4598051                    /usr/lib/x86_64-linux-gnu/libxcb.so.1.1.0
7f15179db000-7f15179ea000 r-xp 00000000 08:06 4596804                    /usr/lib/x86_64-linux-gnu/libXi.so.6.1.0
7f15179ea000-7f1517be9000 ---p 0000f000 08:06 4596804                    /usr/lib/x86_64-linux-gnu/libXi.so.6.1.0
7f1517be9000-7f1517bea000 r--p 0000e000 08:06 4596804                    /usr/lib/x86_64-linux-gnu/libXi.so.6.1.0
7f1517bea000-7f1517beb000 rw-p 0000f000 08:06 4596804                    /usr/lib/x86_64-linux-gnu/libXi.so.6.1.0
7f1517beb000-7f1517bf0000 r-xp 00000000 08:06 4596822                    /usr/lib/x86_64-linux-gnu/libXtst.so.6.1.0
7f1517bf0000-7f1517def000 ---p 00005000 08:06 4596822                    /usr/lib/x86_64-linux-gnu/libXtst.so.6.1.0
7f1517def000-7f1517df0000 r--p 00004000 08:06 4596822                    /usr/lib/x86_64-linux-gnu/libXtst.so.6.1.0
7f1517df0000-7f1517df1000 rw-p 00005000 08:06 4596822                    /usr/lib/x86_64-linux-gnu/libXtst.so.6.1.0
7f1517df3000-7f1517dfc000 r-xp 00000000 08:06 4596816                    /usr/lib/x86_64-linux-gnu/libXrender.so.1.3.0
7f1517dfc000-7f1517ffb000 ---p 00009000 08:06 4596816                    /usr/lib/x86_64-linux-gnu/libXrender.so.1.3.0
7f1517ffb000-7f1517ffc000 r--p 00008000 08:06 4596816                    /usr/lib/x86_64-linux-gnu/libXrender.so.1.3.0
7f1517ffc000-7f1517ffd000 rw-p 00009000 08:06 4596816                    /usr/lib/x86_64-linux-gnu/libXrender.so.1.3.0
7f1518000000-7f15187e9000 rw-p 00000000 00:00 0 
7f15187e9000-7f151c000000 ---p 00000000 00:00 0 
7f151c000000-7f151c021000 rw-p 00000000 00:00 0 
7f151c021000-7f1520000000 ---p 00000000 00:00 0 
7f1520000000-7f1520021000 rw-p 00000000 00:00 0 
7f1520021000-7f1524000000 ---p 00000000 00:00 0 
7f1524000000-7f152514c000 rw-p 00000000 00:00 0 
7f152514c000-7f1528000000 ---p 00000000 00:00 0 
7f1528000000-7f1528021000 rw-p 00000000 00:00 0 
7f1528021000-7f152c000000 ---p 00000000 00:00 0 
7f152c000000-7f152c021000 rw-p 00000000 00:00 0 
7f152c021000-7f1530000000 ---p 00000000 00:00 0 
7f1530000000-7f1530021000 rw-p 00000000 00:00 0 
7f1530021000-7f1534000000 ---p 00000000 00:00 0 
7f1534000000-7f1534021000 rw-p 00000000 00:00 0 
7f1534021000-7f1538000000 ---p 00000000 00:00 0 
7f1538000000-7f1538021000 rw-p 00000000 00:00 0 
7f1538021000-7f153c000000 ---p 00000000 00:00 0 
7f153c000000-7f153c021000 rw-p 00000000 00:00 0 
7f153c021000-7f1540000000 ---p 00000000 00:00 0 
7f1540000000-7f1540021000 rw-p 00000000 00:00 0 
7f1540021000-7f1544000000 ---p 00000000 00:00 0 
7f1544011000-7f1544014000 ---p 00000000 00:00 0 
7f1544014000-7f154402b000 rw-p 00000000 00:00 0 
7f154402b000-7f1544073000 rw-s 00000000 00:05 45056008                   /SYSV00000000 (deleted)
7f1544073000-7f15441a7000 r-xp 00000000 08:06 4596777                    /usr/lib/x86_64-linux-gnu/libX11.so.6.3.0
7f15441a7000-7f15443a7000 ---p 00134000 08:06 4596777                    /usr/lib/x86_64-linux-gnu/libX11.so.6.3.0
7f15443a7000-7f15443a8000 r--p 00134000 08:06 4596777                    /usr/lib/x86_64-linux-gnu/libX11.so.6.3.0
7f15443a8000-7f15443ac000 rw-p 00135000 08:06 4596777                    /usr/lib/x86_64-linux-gnu/libX11.so.6.3.0
7f15443b3000-7f15443c4000 r-xp 00000000 08:06 4596794                    /usr/lib/x86_64-linux-gnu/libXext.so.6.4.0
7f15443c4000-7f15445c3000 ---p 00011000 08:06 4596794                    /usr/lib/x86_64-linux-gnu/libXext.so.6.4.0
7f15445c3000-7f15445c4000 r--p 00010000 08:06 4596794                    /usr/lib/x86_64-linux-gnu/libXext.so.6.4.0
7f15445c4000-7f15445c5000 rw-p 00011000 08:06 4596794                    /usr/lib/x86_64-linux-gnu/libXext.so.6.4.0
7f15445cb000-7f154461b000 r-xp 00000000 08:06 2364960                    /opt/xdman/jre/lib/amd64/xawt/libmawt.so
7f154461b000-7f154481a000 ---p 00050000 08:06 2364960                    /opt/xdman/jre/lib/amd64/xawt/libmawt.so
7f154481a000-7f154481e000 rw-p 0004f000 08:06 2364960                    /opt/xdman/jre/lib/amd64/xawt/libmawt.so
7f154481e000-7f154481f000 rw-p 00000000 00:00 0 
7f1544823000-7f15448c5000 r-xp 00000000 08:06 2243276                    /opt/xdman/jre/lib/amd64/libawt.so
7f15448c5000-7f1544ac5000 ---p 000a2000 08:06 2243276                    /opt/xdman/jre/lib/amd64/libawt.so
7f1544ac5000-7f1544ad1000 rw-p 000a2000 08:06 2243276                    /opt/xdman/jre/lib/amd64/libawt.so
7f1544ad1000-7f1544af5000 rw-p 00000000 00:00 0 
7f1544afb000-7f1544afc000 ---p 00000000 00:00 0 
7f1544afc000-7f1544bfc000 rw-p 00000000 00:00 0 
7f1544bfc000-7f1544bff000 ---p 00000000 00:00 0 
7f1544bff000-7f1544cfd000 rw-p 00000000 00:00 0 
7f1544cfd000-7f1544d00000 ---p 00000000 00:00 0 
7f1544d00000-7f1544dfe000 rw-p 00000000 00:00 0 
7f1544dfe000-7f1544e01000 ---p 00000000 00:00 0 
7f1544e01000-7f1544eff000 rw-p 00000000 00:00 0 
7f1544eff000-7f1544f02000 ---p 00000000 00:00 0 
7f1544f02000-7f1545000000 rw-p 00000000 00:00 0 
7f1545000000-7f1545270000 rwxp 00000000 00:00 0 
7f1545270000-7f15483f1000 rw-p 00000000 00:00 0 
7f15483f1000-7f154c000000 ---p 00000000 00:00 0 
7f154c001000-7f154c004000 ---p 00000000 00:00 0 
7f154c004000-7f154c01b000 rw-p 00000000 00:00 0 
7f154c026000-7f154c02a000 r--s 0007b000 08:06 2228230                    /opt/xdman/jre/lib/jsse.jar
7f154c02b000-7f154c0b8000 rw-s 00000000 00:05 491525                     /SYSV00000000 (deleted)
7f154c0bb000-7f154c0c1000 rw-s 00000000 00:05 45187090                   /SYSV00000000 (deleted)
7f154c0c5000-7f154c0cd000 r--s 00122000 08:06 2243413                    /opt/xdman/xdman.jar
7f154c0d3000-7f154cbb2000 r--p 00000000 08:06 4595729                    /usr/lib/locale/locale-archive
7f154cbb4000-7f154cbb7000 ---p 00000000 00:00 0 
7f154cbb7000-7f154ccb5000 rw-p 00000000 00:00 0 
7f154ccb5000-7f154ccb8000 ---p 00000000 00:00 0 
7f154ccb8000-7f154cdb6000 rw-p 00000000 00:00 0 
7f154cdb6000-7f154cdb7000 ---p 00000000 00:00 0 
7f154cdb7000-7f154d42c000 rw-p 00000000 00:00 0 
7f154d42c000-7f154d5eb000 r--s 031d1000 08:06 2243414                    /opt/xdman/jre/lib/rt.jar
7f154d5ee000-7f154d5ef000 ---p 00000000 00:00 0 
7f154d5ef000-7f154d6ef000 rw-p 00000000 00:00 0 
7f154d6ef000-7f154d6f0000 ---p 00000000 00:00 0 
7f154d6f0000-7f154d7f0000 rw-p 00000000 00:00 0 
7f154d7f0000-7f154d7f1000 ---p 00000000 00:00 0 
7f154d7f1000-7f154d8f1000 rw-p 00000000 00:00 0 
7f154d8f1000-7f154d8f2000 ---p 00000000 00:00 0 
7f154d8f2000-7f154da16000 rw-p 00000000 00:00 0 
7f154da16000-7f154dc32000 rw-p 00000000 00:00 0 
7f154dc32000-7f154dc3d000 rw-p 00000000 00:00 0 
7f154dc3d000-7f154dc5b000 rw-p 00000000 00:00 0 
7f154dc5b000-7f154dc7f000 rw-p 00000000 00:00 0 
7f154dc7f000-7f154de9a000 rw-p 00000000 00:00 0 
7f154de9a000-7f154de9e000 rw-p 00000000 00:00 0 
7f154de9e000-7f154dead000 ---p 00000000 00:00 0 
7f154dead000-7f154dfba000 rw-p 00000000 00:00 0 
7f154dfba000-7f154dfbb000 rw-p 00000000 00:00 0 
7f154dfbb000-7f154dfd5000 r-xp 00000000 08:06 2243205                    /opt/xdman/jre/lib/amd64/libzip.so
7f154dfd5000-7f154e1d5000 ---p 0001a000 08:06 2243205                    /opt/xdman/jre/lib/amd64/libzip.so
7f154e1d5000-7f154e1d6000 rw-p 0001a000 08:06 2243205                    /opt/xdman/jre/lib/amd64/libzip.so
7f154e1db000-7f154e1e6000 r-xp 00000000 08:06 4985417                    /lib/x86_64-linux-gnu/libnss_files-2.26.so
7f154e1e6000-7f154e3e5000 ---p 0000b000 08:06 4985417                    /lib/x86_64-linux-gnu/libnss_files-2.26.so
7f154e3e5000-7f154e3e6000 r--p 0000a000 08:06 4985417                    /lib/x86_64-linux-gnu/libnss_files-2.26.so
7f154e3e6000-7f154e3e7000 rw-p 0000b000 08:06 4985417                    /lib/x86_64-linux-gnu/libnss_files-2.26.so
7f154e3e7000-7f154e3ed000 rw-p 00000000 00:00 0 
7f154e3f3000-7f154e3fe000 r-xp 00000000 08:06 4985428                    /lib/x86_64-linux-gnu/libnss_nis-2.26.so
7f154e3fe000-7f154e5fd000 ---p 0000b000 08:06 4985428                    /lib/x86_64-linux-gnu/libnss_nis-2.26.so
7f154e5fd000-7f154e5fe000 r--p 0000a000 08:06 4985428                    /lib/x86_64-linux-gnu/libnss_nis-2.26.so
7f154e5fe000-7f154e5ff000 rw-p 0000b000 08:06 4985428                    /lib/x86_64-linux-gnu/libnss_nis-2.26.so
7f154e603000-7f154e61a000 r-xp 00000000 08:06 4985411                    /lib/x86_64-linux-gnu/libnsl-2.26.so
7f154e61a000-7f154e819000 ---p 00017000 08:06 4985411                    /lib/x86_64-linux-gnu/libnsl-2.26.so
7f154e819000-7f154e81a000 r--p 00016000 08:06 4985411                    /lib/x86_64-linux-gnu/libnsl-2.26.so
7f154e81a000-7f154e81b000 rw-p 00017000 08:06 4985411                    /lib/x86_64-linux-gnu/libnsl-2.26.so
7f154e81b000-7f154e81d000 rw-p 00000000 00:00 0 
7f154e823000-7f154e82b000 r-xp 00000000 08:06 4985413                    /lib/x86_64-linux-gnu/libnss_compat-2.26.so
7f154e82b000-7f154ea2a000 ---p 00008000 08:06 4985413                    /lib/x86_64-linux-gnu/libnss_compat-2.26.so
7f154ea2a000-7f154ea2b000 r--p 00007000 08:06 4985413                    /lib/x86_64-linux-gnu/libnss_compat-2.26.so
7f154ea2b000-7f154ea2c000 rw-p 00008000 08:06 4985413                    /lib/x86_64-linux-gnu/libnss_compat-2.26.so
7f154ea33000-7f154ea5c000 r-xp 00000000 08:06 2243236                    /opt/xdman/jre/lib/amd64/libjava.so
7f154ea5c000-7f154ec5c000 ---p 00029000 08:06 2243236                    /opt/xdman/jre/lib/amd64/libjava.so
7f154ec5c000-7f154ec5e000 rw-p 00029000 08:06 2243236                    /opt/xdman/jre/lib/amd64/libjava.so
7f154ec63000-7f154ec72000 r-xp 00000000 08:06 2243028                    /opt/xdman/jre/lib/amd64/libverify.so
7f154ec72000-7f154ee71000 ---p 0000f000 08:06 2243028                    /opt/xdman/jre/lib/amd64/libverify.so
7f154ee71000-7f154ee73000 rw-p 0000e000 08:06 2243028                    /opt/xdman/jre/lib/amd64/libverify.so
7f154ee73000-7f154ee7a000 r-xp 00000000 08:06 4985471                    /lib/x86_64-linux-gnu/librt-2.26.so
7f154ee7a000-7f154f079000 ---p 00007000 08:06 4985471                    /lib/x86_64-linux-gnu/librt-2.26.so
7f154f079000-7f154f07a000 r--p 00006000 08:06 4985471                    /lib/x86_64-linux-gnu/librt-2.26.so
7f154f07a000-7f154f07b000 rw-p 00007000 08:06 4985471                    /lib/x86_64-linux-gnu/librt-2.26.so
7f154f07b000-7f154f1d0000 r-xp 00000000 08:06 4985390                    /lib/x86_64-linux-gnu/libm-2.26.so
7f154f1d0000-7f154f3cf000 ---p 00155000 08:06 4985390                    /lib/x86_64-linux-gnu/libm-2.26.so
7f154f3cf000-7f154f3d0000 r--p 00154000 08:06 4985390                    /lib/x86_64-linux-gnu/libm-2.26.so
7f154f3d0000-7f154f3d1000 rw-p 00155000 08:06 4985390                    /lib/x86_64-linux-gnu/libm-2.26.so
7f154f3d3000-7f154fdb3000 r-xp 00000000 08:06 2364851                    /opt/xdman/jre/lib/amd64/server/libjvm.so
7f154fdb3000-7f154ffb3000 ---p 009e0000 08:06 2364851                    /opt/xdman/jre/lib/amd64/server/libjvm.so
7f154ffb3000-7f1550050000 rw-p 009e0000 08:06 2364851                    /opt/xdman/jre/lib/amd64/server/libjvm.so
7f1550050000-7f1550089000 rw-p 00000000 00:00 0 
7f155008b000-7f1550261000 r-xp 00000000 08:06 4985324                    /lib/x86_64-linux-gnu/libc-2.26.so
7f1550261000-7f1550461000 ---p 001d6000 08:06 4985324                    /lib/x86_64-linux-gnu/libc-2.26.so
7f1550461000-7f1550465000 r--p 001d6000 08:06 4985324                    /lib/x86_64-linux-gnu/libc-2.26.so
7f1550465000-7f1550467000 rw-p 001da000 08:06 4985324                    /lib/x86_64-linux-gnu/libc-2.26.so
7f1550467000-7f155046b000 rw-p 00000000 00:00 0 
7f155046b000-7f155046e000 r-xp 00000000 08:06 4985348                    /lib/x86_64-linux-gnu/libdl-2.26.so
7f155046e000-7f155066d000 ---p 00003000 08:06 4985348                    /lib/x86_64-linux-gnu/libdl-2.26.so
7f155066d000-7f155066e000 r--p 00002000 08:06 4985348                    /lib/x86_64-linux-gnu/libdl-2.26.so
7f155066e000-7f155066f000 rw-p 00003000 08:06 4985348                    /lib/x86_64-linux-gnu/libdl-2.26.so
7f1550673000-7f1550689000 r-xp 00000000 08:06 2243377                    /opt/xdman/jre/lib/amd64/jli/libjli.so
7f1550689000-7f1550888000 ---p 00016000 08:06 2243377                    /opt/xdman/jre/lib/amd64/jli/libjli.so
7f1550888000-7f1550889000 rw-p 00015000 08:06 2243377                    /opt/xdman/jre/lib/amd64/jli/libjli.so
7f155088b000-7f15508a5000 r-xp 00000000 08:06 4985463                    /lib/x86_64-linux-gnu/libpthread-2.26.so
7f15508a5000-7f1550aa4000 ---p 0001a000 08:06 4985463                    /lib/x86_64-linux-gnu/libpthread-2.26.so
7f1550aa4000-7f1550aa5000 r--p 00019000 08:06 4985463                    /lib/x86_64-linux-gnu/libpthread-2.26.so
7f1550aa5000-7f1550aa6000 rw-p 0001a000 08:06 4985463                    /lib/x86_64-linux-gnu/libpthread-2.26.so
7f1550aa6000-7f1550aaa000 rw-p 00000000 00:00 0 
7f1550aab000-7f1550ad2000 r-xp 00000000 08:06 4985296                    /lib/x86_64-linux-gnu/ld-2.26.so
7f1550ada000-7f1550ae5000 rw-p 00000000 00:00 0 
7f1550ae5000-7f1550b03000 rw-p 00000000 00:00 0 
7f1550b03000-7f1550b0d000 rw-p 00000000 00:00 0 
7f1550b0d000-7f1550bc3000 rw-p 00000000 00:00 0 
7f1550bc3000-7f1550bcb000 rw-s 00000000 08:06 4063553                    /tmp/hsperfdata_antharikta/1832
7f1550bcc000-7f1550bcd000 rw-p 00000000 00:00 0 
7f1550bcd000-7f1550bce000 r--p 00000000 00:00 0 
7f1550bce000-7f1550bd1000 ---p 00000000 00:00 0 
7f1550bd1000-7f1550cd2000 rw-p 00000000 00:00 0 
7f1550cd2000-7f1550cd3000 r--p 00027000 08:06 4985296                    /lib/x86_64-linux-gnu/ld-2.26.so
7f1550cd3000-7f1550cd4000 rw-p 00028000 08:06 4985296                    /lib/x86_64-linux-gnu/ld-2.26.so
7f1550cd4000-7f1550cd7000 rw-p 00000000 00:00 0 
7ffd87a1a000-7ffd87a3b000 rw-p 00000000 00:00 0                          [stack]
7ffd87b7b000-7ffd87b7e000 r--p 00000000 00:00 0                          [vvar]
7ffd87b7e000-7ffd87b80000 r-xp 00000000 00:00 0                          [vdso]
ffffffffff600000-ffffffffff601000 r-xp 00000000 00:00 0                  [vsyscall]

VM Arguments:
java_command: /opt/xdman/xdman.jar -m
Launcher Type: SUN_STANDARD

Environment Variables:
PATH=/usr/local/sbin:/usr/local/bin:/usr/sbin:/usr/bin:/sbin:/bin:/usr/games:/usr/local/games
USERNAME=antharikta
SHELL=/bin/bash
DISPLAY=:1

Signal Handlers:
SIGSEGV: [libjvm.so+0x856f20], sa_mask[0]=0x7ffbfeff, sa_flags=0x10000004
SIGBUS: [libjvm.so+0x856f20], sa_mask[0]=0x7ffbfeff, sa_flags=0x10000004
SIGFPE: [libjvm.so+0x6fd190], sa_mask[0]=0x7ffbfeff, sa_flags=0x10000004
SIGPIPE: [libjvm.so+0x6fd190], sa_mask[0]=0x7ffbfeff, sa_flags=0x10000004
SIGXFSZ: [libjvm.so+0x6fd190], sa_mask[0]=0x7ffbfeff, sa_flags=0x10000004
SIGILL: [libjvm.so+0x6fd190], sa_mask[0]=0x7ffbfeff, sa_flags=0x10000004
SIGUSR1: SIG_DFL, sa_mask[0]=0x00000000, sa_flags=0x00000000
SIGUSR2: [libjvm.so+0x6fcb00], sa_mask[0]=0x00000000, sa_flags=0x10000004
SIGHUP: [libjvm.so+0x6fee70], sa_mask[0]=0x7ffbfeff, sa_flags=0x10000004
SIGINT: [libjvm.so+0x6fee70], sa_mask[0]=0x7ffbfeff, sa_flags=0x10000004
SIGTERM: [libjvm.so+0x6fee70], sa_mask[0]=0x7ffbfeff, sa_flags=0x10000004
SIGQUIT: [libjvm.so+0x6fee70], sa_mask[0]=0x7ffbfeff, sa_flags=0x10000004


---------------  S Y S T E M  ---------------

OS:stretch/sid

uname:Linux 4.13.0-16-generic #19-Ubuntu SMP Wed Oct 11 18:35:14 UTC 2017 x86_64
libc:glibc 2.26 NPTL 2.26 
rlimit: STACK 8192k, CORE 0k, NPROC 27402, NOFILE 1048576, AS infinity
load average:6.33 3.67 2.81

/proc/meminfo:
MemTotal:        7069108 kB
MemFree:         4890956 kB
MemAvailable:    6212340 kB
Buffers:          171760 kB
Cached:          1357324 kB
SwapCached:         6000 kB
Active:          1040996 kB
Inactive:         840664 kB
Active(anon):     208284 kB
Inactive(anon):   191752 kB
Active(file):     832712 kB
Inactive(file):   648912 kB
Unevictable:           0 kB
Mlocked:               0 kB
SwapTotal:       4491260 kB
SwapFree:        4382204 kB
Dirty:                96 kB
Writeback:            16 kB
AnonPages:        348048 kB
Mapped:           176096 kB
Shmem:             47580 kB
Slab:             167552 kB
SReclaimable:     120380 kB
SUnreclaim:        47172 kB
KernelStack:        4496 kB
PageTables:        11028 kB
NFS_Unstable:          0 kB
Bounce:                0 kB
WritebackTmp:          0 kB
CommitLimit:     8025812 kB
Committed_AS:    1955460 kB
VmallocTotal:   34359738367 kB
VmallocUsed:           0 kB
VmallocChunk:          0 kB
HardwareCorrupted:     0 kB
AnonHugePages:         0 kB
ShmemHugePages:        0 kB
ShmemPmdMapped:        0 kB
CmaTotal:              0 kB
CmaFree:               0 kB
HugePages_Total:       0
HugePages_Free:        0
HugePages_Rsvd:        0
HugePages_Surp:        0
Hugepagesize:       2048 kB
DirectMap4k:      852992 kB
DirectMap2M:     6416384 kB
DirectMap1G:           0 kB


CPU:total 4 (4 cores per cpu, 1 threads per core) family 21 model 48 stepping 1, cmov, cx8, fxsr, mmx, sse, sse2, sse3, ssse3, sse4.1, sse4.2, popcnt, mmxext, 3dnowpref, lzcnt, sse4a

/proc/cpuinfo:
processor	: 0
vendor_id	: AuthenticAMD
cpu family	: 21
model		: 48
model name	: AMD FX-7500 Radeon R7, 10 Compute Cores 4C+6G
stepping	: 1
microcode	: 0x6003106
cpu MHz		: 2096.198
cache size	: 2048 KB
physical id	: 0
siblings	: 4
core id		: 0
cpu cores	: 2
apicid		: 16
initial apicid	: 0
fpu		: yes
fpu_exception	: yes
cpuid level	: 13
wp		: yes
flags		: fpu vme de pse tsc msr pae mce cx8 apic sep mtrr pge mca cmov pat pse36 clflush mmx fxsr sse sse2 ht syscall nx mmxext fxsr_opt pdpe1gb rdtscp lm constant_tsc rep_good nopl nonstop_tsc cpuid extd_apicid aperfmperf pni pclmulqdq monitor ssse3 fma cx16 sse4_1 sse4_2 popcnt aes xsave avx f16c lahf_lm cmp_legacy svm extapic cr8_legacy abm sse4a misalignsse 3dnowprefetch osvw ibs xop skinit wdt lwp fma4 tce nodeid_msr tbm topoext perfctr_core perfctr_nb bpext ptsc cpb hw_pstate vmmcall fsgsbase bmi1 xsaveopt arat npt lbrv svm_lock nrip_save tsc_scale vmcb_clean flushbyasid decodeassists pausefilter pfthreshold overflow_recov
bugs		: fxsave_leak sysret_ss_attrs null_seg
bogomips	: 4192.39
TLB size	: 1536 4K pages
clflush size	: 64
cache_alignment	: 64
address sizes	: 48 bits physical, 48 bits virtual
power management: ts ttp tm 100mhzsteps hwpstate cpb eff_freq_ro [13]

processor	: 1
vendor_id	: AuthenticAMD
cpu family	: 21
model		: 48
model name	: AMD FX-7500 Radeon R7, 10 Compute Cores 4C+6G
stepping	: 1
microcode	: 0x6003106
cpu MHz		: 2096.198
cache size	: 2048 KB
physical id	: 0
siblings	: 4
core id		: 1
cpu cores	: 2
apicid		: 17
initial apicid	: 1
fpu		: yes
fpu_exception	: yes
cpuid level	: 13
wp		: yes
flags		: fpu vme de pse tsc msr pae mce cx8 apic sep mtrr pge mca cmov pat pse36 clflush mmx fxsr sse sse2 ht syscall nx mmxext fxsr_opt pdpe1gb rdtscp lm constant_tsc rep_good nopl nonstop_tsc cpuid extd_apicid aperfmperf pni pclmulqdq monitor ssse3 fma cx16 sse4_1 sse4_2 popcnt aes xsave avx f16c lahf_lm cmp_legacy svm extapic cr8_legacy abm sse4a misalignsse 3dnowprefetch osvw ibs xop skinit wdt lwp fma4 tce nodeid_msr tbm topoext perfctr_core perfctr_nb bpext ptsc cpb hw_pstate vmmcall fsgsbase bmi1 xsaveopt arat npt lbrv svm_lock nrip_save tsc_scale vmcb_clean flushbyasid decodeassists pausefilter pfthreshold overflow_recov
bugs		: fxsave_leak sysret_ss_attrs null_seg
bogomips	: 4192.39
TLB size	: 1536 4K pages
clflush size	: 64
cache_alignment	: 64
address sizes	: 48 bits physical, 48 bits virtual
power management: ts ttp tm 100mhzsteps hwpstate cpb eff_freq_ro [13]

processor	: 2
vendor_id	: AuthenticAMD
cpu family	: 21
model		: 48
model name	: AMD FX-7500 Radeon R7, 10 Compute Cores 4C+6G
stepping	: 1
microcode	: 0x6003106
cpu MHz		: 2096.198
cache size	: 2048 KB
physical id	: 0
siblings	: 4
core id		: 2
cpu cores	: 2
apicid		: 18
initial apicid	: 2
fpu		: yes
fpu_exception	: yes
cpuid level	: 13
wp		: yes
flags		: fpu vme de pse tsc msr pae mce cx8 apic sep mtrr pge mca cmov pat pse36 clflush mmx fxsr sse sse2 ht syscall nx mmxext fxsr_opt pdpe1gb rdtscp lm constant_tsc rep_good nopl nonstop_tsc cpuid extd_apicid aperfmperf pni pclmulqdq monitor ssse3 fma cx16 sse4_1 sse4_2 popcnt aes xsave avx f16c lahf_lm cmp_legacy svm extapic cr8_legacy abm sse4a misalignsse 3dnowprefetch osvw ibs xop skinit wdt lwp fma4 tce nodeid_msr tbm topoext perfctr_core perfctr_nb bpext ptsc cpb hw_pstate vmmcall fsgsbase bmi1 xsaveopt arat npt lbrv svm_lock nrip_save tsc_scale vmcb_clean flushbyasid decodeassists pausefilter pfthreshold overflow_recov
bugs		: fxsave_leak sysret_ss_attrs null_seg
bogomips	: 4192.39
TLB size	: 1536 4K pages
clflush size	: 64
cache_alignment	: 64
address sizes	: 48 bits physical, 48 bits virtual
power management: ts ttp tm 100mhzsteps hwpstate cpb eff_freq_ro [13]

processor	: 3
vendor_id	: AuthenticAMD
cpu family	: 21
model		: 48
model name	: AMD FX-7500 Radeon R7, 10 Compute Cores 4C+6G
stepping	: 1
microcode	: 0x6003106
cpu MHz		: 2096.198
cache size	: 2048 KB
physical id	: 0
siblings	: 4
core id		: 3
cpu cores	: 2
apicid		: 19
initial apicid	: 3
fpu		: yes
fpu_exception	: yes
cpuid level	: 13
wp		: yes
flags		: fpu vme de pse tsc msr pae mce cx8 apic sep mtrr pge mca cmov pat pse36 clflush mmx fxsr sse sse2 ht syscall nx mmxext fxsr_opt pdpe1gb rdtscp lm constant_tsc rep_good nopl nonstop_tsc cpuid extd_apicid aperfmperf pni pclmulqdq monitor ssse3 fma cx16 sse4_1 sse4_2 popcnt aes xsave avx f16c lahf_lm cmp_legacy svm extapic cr8_legacy abm sse4a misalignsse 3dnowprefetch osvw ibs xop skinit wdt lwp fma4 tce nodeid_msr tbm topoext perfctr_core perfctr_nb bpext ptsc cpb hw_pstate vmmcall fsgsbase bmi1 xsaveopt arat npt lbrv svm_lock nrip_save tsc_scale vmcb_clean flushbyasid decodeassists pausefilter pfthreshold overflow_recov
bugs		: fxsave_leak sysret_ss_attrs null_seg
bogomips	: 4192.39
TLB size	: 1536 4K pages
clflush size	: 64
cache_alignment	: 64
address sizes	: 48 bits physical, 48 bits virtual
power management: ts ttp tm 100mhzsteps hwpstate cpb eff_freq_ro [13]



Memory: 4k page, physical 7069108k(4890956k free), swap 4491260k(4382204k free)

vm_info: Java HotSpot(TM) 64-Bit Server VM (22.0-b10) for linux-amd64 JRE (1.7.0_02-b13), built on Nov 17 2011 13:19:26 by "java_re" with gcc 4.3.0 20080428 (Red Hat 4.3.0-8)

time: Thu Nov 23 14:59:57 2017
elapsed time: 29193 seconds

